2025-08-10T00:01:36.836-06:00  INFO 17296 --- [springboot-demo] [File Watcher] rtingClassPathChangeChangedEventListener : Restarting due to 1 class path change (1 addition, 0 deletions, 0 modifications)
2025-08-10T00:01:36.847-06:00  INFO 17296 --- [springboot-demo] [Thread-39] o.s.b.w.e.tomcat.GracefulShutdown        : Commencing graceful shutdown. Waiting for active requests to complete
2025-08-10T00:01:38.855-06:00  INFO 17296 --- [springboot-demo] [tomcat-shutdown] o.s.b.w.e.tomcat.GracefulShutdown        : Graceful shutdown complete
2025-08-10T00:01:38.855-06:00 ERROR 17296 --- [springboot-demo] [http-nio-9090-Acceptor] org.apache.tomcat.util.net.Acceptor      : Socket accept failed

java.nio.channels.AsynchronousCloseException: null
	at java.base/java.nio.channels.spi.AbstractInterruptibleChannel.end(AbstractInterruptibleChannel.java:218) ~[na:na]
	at java.base/sun.nio.ch.ServerSocketChannelImpl.end(ServerSocketChannelImpl.java:374) ~[na:na]
	at java.base/sun.nio.ch.ServerSocketChannelImpl.accept(ServerSocketChannelImpl.java:399) ~[na:na]
	at org.apache.tomcat.util.net.NioEndpoint.serverSocketAccept(NioEndpoint.java:537) ~[tomcat-embed-core-10.1.43.jar:10.1.43]
	at org.apache.tomcat.util.net.NioEndpoint.serverSocketAccept(NioEndpoint.java:72) ~[tomcat-embed-core-10.1.43.jar:10.1.43]
	at org.apache.tomcat.util.net.Acceptor.run(Acceptor.java:127) ~[tomcat-embed-core-10.1.43.jar:10.1.43]
	at java.base/java.lang.Thread.run(Thread.java:1447) ~[na:na]

2025-08-10T00:01:38.932-06:00  INFO 17296 --- [springboot-demo] [restartedMain] com.codqueto.SpringbootDemoApplication   : Starting SpringbootDemoApplication using Java 24.0.1 with PID 17296 (/Users/hiram/Documents/learning/java/springboot-demo/target/classes started by hiram in /Users/hiram/Documents/learning/java/springboot-demo)
2025-08-10T00:01:38.933-06:00  INFO 17296 --- [springboot-demo] [restartedMain] com.codqueto.SpringbootDemoApplication   : No active profile set, falling back to 1 default profile: "default"
2025-08-10T00:01:39.002-06:00  INFO 17296 --- [springboot-demo] [restartedMain] o.s.b.w.embedded.tomcat.TomcatWebServer  : Tomcat initialized with port 9090 (http)
2025-08-10T00:01:39.002-06:00  INFO 17296 --- [springboot-demo] [restartedMain] o.apache.catalina.core.StandardService   : Starting service [Tomcat]
2025-08-10T00:01:39.003-06:00  INFO 17296 --- [springboot-demo] [restartedMain] o.apache.catalina.core.StandardEngine    : Starting Servlet engine: [Apache Tomcat/10.1.43]
2025-08-10T00:01:39.006-06:00  INFO 17296 --- [springboot-demo] [restartedMain] o.a.c.c.C.[.[localhost].[/stones]        : Initializing Spring embedded WebApplicationContext
2025-08-10T00:01:39.006-06:00  INFO 17296 --- [springboot-demo] [restartedMain] w.s.c.ServletWebServerApplicationContext : Root WebApplicationContext: initialization completed in 72 ms
2025-08-10T00:01:39.013-06:00  INFO 17296 --- [springboot-demo] [restartedMain] com.codqueto.configs.StonesConfigs       : Loading subtitles: default.xyz profile: default
2025-08-10T00:01:39.031-06:00  INFO 17296 --- [springboot-demo] [restartedMain] o.s.b.d.a.OptionalLiveReloadServer       : LiveReload server is running on port 35729
2025-08-10T00:01:39.036-06:00  INFO 17296 --- [springboot-demo] [restartedMain] o.s.b.w.embedded.tomcat.TomcatWebServer  : Tomcat started on port 9090 (http) with context path '/stones'
2025-08-10T00:01:39.038-06:00  INFO 17296 --- [springboot-demo] [restartedMain] com.codqueto.SpringbootDemoApplication   : Started SpringbootDemoApplication in 0.123 seconds (process running for 5196.551)
2025-08-10T00:01:39.041-06:00  INFO 17296 --- [springboot-demo] [restartedMain] com.codqueto.components.Thanos           : Thanos is using the gauntlet to perform snap in Monaco
2025-08-10T00:01:39.041-06:00  INFO 17296 --- [springboot-demo] [restartedMain] c.codqueto.services.GauntletServiceImpl  : using all power
2025-08-10T00:01:39.041-06:00  INFO 17296 --- [springboot-demo] [restartedMain] com.codqueto.components.Thanos           : Thaanos has made 263 danger points
2025-08-10T00:01:39.041-06:00  INFO 17296 --- [springboot-demo] [restartedMain] .ConditionEvaluationDeltaLoggingListener : Condition evaluation unchanged
2025-08-10T00:02:45.088-06:00  INFO 17296 --- [springboot-demo] [File Watcher] rtingClassPathChangeChangedEventListener : Restarting due to 1 class path change (0 additions, 0 deletions, 1 modification)
2025-08-10T00:02:45.094-06:00  INFO 17296 --- [springboot-demo] [Thread-43] o.s.b.w.e.tomcat.GracefulShutdown        : Commencing graceful shutdown. Waiting for active requests to complete
2025-08-10T00:02:47.108-06:00  INFO 17296 --- [springboot-demo] [tomcat-shutdown] o.s.b.w.e.tomcat.GracefulShutdown        : Graceful shutdown complete
2025-08-10T00:02:47.109-06:00 ERROR 17296 --- [springboot-demo] [http-nio-9090-Acceptor] org.apache.tomcat.util.net.Acceptor      : Socket accept failed

java.nio.channels.AsynchronousCloseException: null
	at java.base/java.nio.channels.spi.AbstractInterruptibleChannel.end(AbstractInterruptibleChannel.java:218) ~[na:na]
	at java.base/sun.nio.ch.ServerSocketChannelImpl.end(ServerSocketChannelImpl.java:374) ~[na:na]
	at java.base/sun.nio.ch.ServerSocketChannelImpl.accept(ServerSocketChannelImpl.java:399) ~[na:na]
	at org.apache.tomcat.util.net.NioEndpoint.serverSocketAccept(NioEndpoint.java:537) ~[tomcat-embed-core-10.1.43.jar:10.1.43]
	at org.apache.tomcat.util.net.NioEndpoint.serverSocketAccept(NioEndpoint.java:72) ~[tomcat-embed-core-10.1.43.jar:10.1.43]
	at org.apache.tomcat.util.net.Acceptor.run(Acceptor.java:127) ~[tomcat-embed-core-10.1.43.jar:10.1.43]
	at java.base/java.lang.Thread.run(Thread.java:1447) ~[na:na]

2025-08-10T00:02:47.181-06:00  INFO 17296 --- [springboot-demo] [restartedMain] com.codqueto.SpringbootDemoApplication   : Starting SpringbootDemoApplication using Java 24.0.1 with PID 17296 (/Users/hiram/Documents/learning/java/springboot-demo/target/classes started by hiram in /Users/hiram/Documents/learning/java/springboot-demo)
2025-08-10T00:02:47.181-06:00  INFO 17296 --- [springboot-demo] [restartedMain] com.codqueto.SpringbootDemoApplication   : No active profile set, falling back to 1 default profile: "default"
2025-08-10T00:02:47.252-06:00  INFO 17296 --- [springboot-demo] [restartedMain] o.s.b.w.embedded.tomcat.TomcatWebServer  : Tomcat initialized with port 9090 (http)
2025-08-10T00:02:47.252-06:00  INFO 17296 --- [springboot-demo] [restartedMain] o.apache.catalina.core.StandardService   : Starting service [Tomcat]
2025-08-10T00:02:47.252-06:00  INFO 17296 --- [springboot-demo] [restartedMain] o.apache.catalina.core.StandardEngine    : Starting Servlet engine: [Apache Tomcat/10.1.43]
2025-08-10T00:02:47.255-06:00  INFO 17296 --- [springboot-demo] [restartedMain] o.a.c.c.C.[.[localhost].[/stones]        : Initializing Spring embedded WebApplicationContext
2025-08-10T00:02:47.255-06:00  INFO 17296 --- [springboot-demo] [restartedMain] w.s.c.ServletWebServerApplicationContext : Root WebApplicationContext: initialization completed in 73 ms
2025-08-10T00:02:47.261-06:00  INFO 17296 --- [springboot-demo] [restartedMain] com.codqueto.configs.StonesConfigs       : Loading subtitles: default.xyz profile: default
2025-08-10T00:02:47.278-06:00  INFO 17296 --- [springboot-demo] [restartedMain] o.s.b.d.a.OptionalLiveReloadServer       : LiveReload server is running on port 35729
2025-08-10T00:02:47.283-06:00  INFO 17296 --- [springboot-demo] [restartedMain] o.s.b.w.embedded.tomcat.TomcatWebServer  : Tomcat started on port 9090 (http) with context path '/stones'
2025-08-10T00:02:47.285-06:00  INFO 17296 --- [springboot-demo] [restartedMain] com.codqueto.SpringbootDemoApplication   : Started SpringbootDemoApplication in 0.114 seconds (process running for 5264.8)
2025-08-10T00:02:47.288-06:00  INFO 17296 --- [springboot-demo] [restartedMain] com.codqueto.components.Thanos           : Thanos is using the gauntlet to perform snap in Albania
2025-08-10T00:02:47.288-06:00  INFO 17296 --- [springboot-demo] [restartedMain] c.codqueto.services.GauntletServiceImpl  : using all power
2025-08-10T00:02:47.288-06:00  INFO 17296 --- [springboot-demo] [restartedMain] com.codqueto.components.Thanos           : Thaanos has made 940 danger points
2025-08-10T00:02:47.288-06:00  INFO 17296 --- [springboot-demo] [restartedMain] .ConditionEvaluationDeltaLoggingListener : Condition evaluation unchanged
2025-08-10T00:03:44.198-06:00  INFO 17296 --- [springboot-demo] [File Watcher] rtingClassPathChangeChangedEventListener : Restarting due to 1 class path change (1 addition, 0 deletions, 0 modifications)
2025-08-10T00:03:44.202-06:00  INFO 17296 --- [springboot-demo] [Thread-47] o.s.b.w.e.tomcat.GracefulShutdown        : Commencing graceful shutdown. Waiting for active requests to complete
2025-08-10T00:03:46.219-06:00  INFO 17296 --- [springboot-demo] [tomcat-shutdown] o.s.b.w.e.tomcat.GracefulShutdown        : Graceful shutdown complete
2025-08-10T00:03:46.219-06:00 ERROR 17296 --- [springboot-demo] [http-nio-9090-Acceptor] org.apache.tomcat.util.net.Acceptor      : Socket accept failed

java.nio.channels.AsynchronousCloseException: null
	at java.base/java.nio.channels.spi.AbstractInterruptibleChannel.end(AbstractInterruptibleChannel.java:218) ~[na:na]
	at java.base/sun.nio.ch.ServerSocketChannelImpl.end(ServerSocketChannelImpl.java:374) ~[na:na]
	at java.base/sun.nio.ch.ServerSocketChannelImpl.accept(ServerSocketChannelImpl.java:399) ~[na:na]
	at org.apache.tomcat.util.net.NioEndpoint.serverSocketAccept(NioEndpoint.java:537) ~[tomcat-embed-core-10.1.43.jar:10.1.43]
	at org.apache.tomcat.util.net.NioEndpoint.serverSocketAccept(NioEndpoint.java:72) ~[tomcat-embed-core-10.1.43.jar:10.1.43]
	at org.apache.tomcat.util.net.Acceptor.run(Acceptor.java:127) ~[tomcat-embed-core-10.1.43.jar:10.1.43]
	at java.base/java.lang.Thread.run(Thread.java:1447) ~[na:na]

2025-08-10T00:03:46.282-06:00  INFO 17296 --- [springboot-demo] [restartedMain] com.codqueto.SpringbootDemoApplication   : Starting SpringbootDemoApplication using Java 24.0.1 with PID 17296 (/Users/hiram/Documents/learning/java/springboot-demo/target/classes started by hiram in /Users/hiram/Documents/learning/java/springboot-demo)
2025-08-10T00:03:46.283-06:00  INFO 17296 --- [springboot-demo] [restartedMain] com.codqueto.SpringbootDemoApplication   : No active profile set, falling back to 1 default profile: "default"
2025-08-10T00:03:46.363-06:00  INFO 17296 --- [springboot-demo] [restartedMain] o.s.b.w.embedded.tomcat.TomcatWebServer  : Tomcat initialized with port 9090 (http)
2025-08-10T00:03:46.364-06:00  INFO 17296 --- [springboot-demo] [restartedMain] o.apache.catalina.core.StandardService   : Starting service [Tomcat]
2025-08-10T00:03:46.364-06:00  INFO 17296 --- [springboot-demo] [restartedMain] o.apache.catalina.core.StandardEngine    : Starting Servlet engine: [Apache Tomcat/10.1.43]
2025-08-10T00:03:46.367-06:00  INFO 17296 --- [springboot-demo] [restartedMain] o.a.c.c.C.[.[localhost].[/stones]        : Initializing Spring embedded WebApplicationContext
2025-08-10T00:03:46.367-06:00  INFO 17296 --- [springboot-demo] [restartedMain] w.s.c.ServletWebServerApplicationContext : Root WebApplicationContext: initialization completed in 84 ms
2025-08-10T00:03:46.376-06:00  INFO 17296 --- [springboot-demo] [restartedMain] com.codqueto.configs.StonesConfigs       : Loading subtitles: default.xyz profile: default
2025-08-10T00:03:46.401-06:00  INFO 17296 --- [springboot-demo] [restartedMain] o.s.b.d.a.OptionalLiveReloadServer       : LiveReload server is running on port 35729
2025-08-10T00:03:46.410-06:00  INFO 17296 --- [springboot-demo] [restartedMain] o.s.b.w.embedded.tomcat.TomcatWebServer  : Tomcat started on port 9090 (http) with context path '/stones'
2025-08-10T00:03:46.413-06:00  INFO 17296 --- [springboot-demo] [restartedMain] com.codqueto.SpringbootDemoApplication   : Started SpringbootDemoApplication in 0.143 seconds (process running for 5323.929)
2025-08-10T00:03:46.417-06:00  INFO 17296 --- [springboot-demo] [restartedMain] com.codqueto.components.Thanos           : Thanos is using the gauntlet to perform snap in Congo, Democratic Republic of the
2025-08-10T00:03:46.418-06:00  INFO 17296 --- [springboot-demo] [restartedMain] c.codqueto.services.GauntletServiceImpl  : using all power
2025-08-10T00:03:46.418-06:00  INFO 17296 --- [springboot-demo] [restartedMain] com.codqueto.components.Thanos           : Thaanos has made 926 danger points
2025-08-10T00:03:46.418-06:00  INFO 17296 --- [springboot-demo] [restartedMain] .ConditionEvaluationDeltaLoggingListener : Condition evaluation unchanged
2025-08-10T00:03:47.819-06:00  INFO 17296 --- [springboot-demo] [File Watcher] rtingClassPathChangeChangedEventListener : Restarting due to 1 class path change (0 additions, 0 deletions, 1 modification)
2025-08-10T00:03:47.820-06:00  INFO 17296 --- [springboot-demo] [Thread-51] o.s.b.w.e.tomcat.GracefulShutdown        : Commencing graceful shutdown. Waiting for active requests to complete
2025-08-10T00:03:49.843-06:00  INFO 17296 --- [springboot-demo] [tomcat-shutdown] o.s.b.w.e.tomcat.GracefulShutdown        : Graceful shutdown complete
2025-08-10T00:03:49.844-06:00 ERROR 17296 --- [springboot-demo] [http-nio-9090-Acceptor] org.apache.tomcat.util.net.Acceptor      : Socket accept failed

java.nio.channels.AsynchronousCloseException: null
	at java.base/java.nio.channels.spi.AbstractInterruptibleChannel.end(AbstractInterruptibleChannel.java:218) ~[na:na]
	at java.base/sun.nio.ch.ServerSocketChannelImpl.end(ServerSocketChannelImpl.java:374) ~[na:na]
	at java.base/sun.nio.ch.ServerSocketChannelImpl.accept(ServerSocketChannelImpl.java:399) ~[na:na]
	at org.apache.tomcat.util.net.NioEndpoint.serverSocketAccept(NioEndpoint.java:537) ~[tomcat-embed-core-10.1.43.jar:10.1.43]
	at org.apache.tomcat.util.net.NioEndpoint.serverSocketAccept(NioEndpoint.java:72) ~[tomcat-embed-core-10.1.43.jar:10.1.43]
	at org.apache.tomcat.util.net.Acceptor.run(Acceptor.java:127) ~[tomcat-embed-core-10.1.43.jar:10.1.43]
	at java.base/java.lang.Thread.run(Thread.java:1447) ~[na:na]

2025-08-10T00:03:49.895-06:00  INFO 17296 --- [springboot-demo] [restartedMain] com.codqueto.SpringbootDemoApplication   : Starting SpringbootDemoApplication using Java 24.0.1 with PID 17296 (/Users/hiram/Documents/learning/java/springboot-demo/target/classes started by hiram in /Users/hiram/Documents/learning/java/springboot-demo)
2025-08-10T00:03:49.895-06:00  INFO 17296 --- [springboot-demo] [restartedMain] com.codqueto.SpringbootDemoApplication   : No active profile set, falling back to 1 default profile: "default"
2025-08-10T00:03:49.963-06:00  INFO 17296 --- [springboot-demo] [restartedMain] o.s.b.w.embedded.tomcat.TomcatWebServer  : Tomcat initialized with port 9090 (http)
2025-08-10T00:03:49.964-06:00  INFO 17296 --- [springboot-demo] [restartedMain] o.apache.catalina.core.StandardService   : Starting service [Tomcat]
2025-08-10T00:03:49.964-06:00  INFO 17296 --- [springboot-demo] [restartedMain] o.apache.catalina.core.StandardEngine    : Starting Servlet engine: [Apache Tomcat/10.1.43]
2025-08-10T00:03:49.966-06:00  INFO 17296 --- [springboot-demo] [restartedMain] o.a.c.c.C.[.[localhost].[/stones]        : Initializing Spring embedded WebApplicationContext
2025-08-10T00:03:49.967-06:00  INFO 17296 --- [springboot-demo] [restartedMain] w.s.c.ServletWebServerApplicationContext : Root WebApplicationContext: initialization completed in 71 ms
2025-08-10T00:03:49.973-06:00  INFO 17296 --- [springboot-demo] [restartedMain] com.codqueto.configs.StonesConfigs       : Loading subtitles: default.xyz profile: default
2025-08-10T00:03:49.995-06:00  INFO 17296 --- [springboot-demo] [restartedMain] o.s.b.d.a.OptionalLiveReloadServer       : LiveReload server is running on port 35729
2025-08-10T00:03:50.002-06:00  INFO 17296 --- [springboot-demo] [restartedMain] o.s.b.w.embedded.tomcat.TomcatWebServer  : Tomcat started on port 9090 (http) with context path '/stones'
2025-08-10T00:03:50.003-06:00  INFO 17296 --- [springboot-demo] [restartedMain] com.codqueto.SpringbootDemoApplication   : Started SpringbootDemoApplication in 0.119 seconds (process running for 5327.52)
2025-08-10T00:03:50.007-06:00  INFO 17296 --- [springboot-demo] [restartedMain] com.codqueto.components.Thanos           : Thanos is using the gauntlet to perform snap in Switzerland
2025-08-10T00:03:50.007-06:00  INFO 17296 --- [springboot-demo] [restartedMain] c.codqueto.services.GauntletServiceImpl  : using all power
2025-08-10T00:03:50.007-06:00  INFO 17296 --- [springboot-demo] [restartedMain] com.codqueto.components.Thanos           : Thaanos has made 174 danger points
2025-08-10T00:03:50.007-06:00  INFO 17296 --- [springboot-demo] [restartedMain] .ConditionEvaluationDeltaLoggingListener : Condition evaluation unchanged
2025-08-10T00:03:51.413-06:00  INFO 17296 --- [springboot-demo] [File Watcher] rtingClassPathChangeChangedEventListener : Restarting due to 1 class path change (0 additions, 0 deletions, 1 modification)
2025-08-10T00:03:51.414-06:00  INFO 17296 --- [springboot-demo] [Thread-55] o.s.b.w.e.tomcat.GracefulShutdown        : Commencing graceful shutdown. Waiting for active requests to complete
2025-08-10T00:03:53.422-06:00  INFO 17296 --- [springboot-demo] [tomcat-shutdown] o.s.b.w.e.tomcat.GracefulShutdown        : Graceful shutdown complete
2025-08-10T00:03:53.422-06:00 ERROR 17296 --- [springboot-demo] [http-nio-9090-Acceptor] org.apache.tomcat.util.net.Acceptor      : Socket accept failed

java.nio.channels.AsynchronousCloseException: null
	at java.base/java.nio.channels.spi.AbstractInterruptibleChannel.end(AbstractInterruptibleChannel.java:218) ~[na:na]
	at java.base/sun.nio.ch.ServerSocketChannelImpl.end(ServerSocketChannelImpl.java:374) ~[na:na]
	at java.base/sun.nio.ch.ServerSocketChannelImpl.accept(ServerSocketChannelImpl.java:399) ~[na:na]
	at org.apache.tomcat.util.net.NioEndpoint.serverSocketAccept(NioEndpoint.java:537) ~[tomcat-embed-core-10.1.43.jar:10.1.43]
	at org.apache.tomcat.util.net.NioEndpoint.serverSocketAccept(NioEndpoint.java:72) ~[tomcat-embed-core-10.1.43.jar:10.1.43]
	at org.apache.tomcat.util.net.Acceptor.run(Acceptor.java:127) ~[tomcat-embed-core-10.1.43.jar:10.1.43]
	at java.base/java.lang.Thread.run(Thread.java:1447) ~[na:na]

2025-08-10T00:03:53.464-06:00  INFO 17296 --- [springboot-demo] [restartedMain] com.codqueto.SpringbootDemoApplication   : Starting SpringbootDemoApplication using Java 24.0.1 with PID 17296 (/Users/hiram/Documents/learning/java/springboot-demo/target/classes started by hiram in /Users/hiram/Documents/learning/java/springboot-demo)
2025-08-10T00:03:53.464-06:00  INFO 17296 --- [springboot-demo] [restartedMain] com.codqueto.SpringbootDemoApplication   : No active profile set, falling back to 1 default profile: "default"
2025-08-10T00:03:53.527-06:00  INFO 17296 --- [springboot-demo] [restartedMain] o.s.b.w.embedded.tomcat.TomcatWebServer  : Tomcat initialized with port 9090 (http)
2025-08-10T00:03:53.528-06:00  INFO 17296 --- [springboot-demo] [restartedMain] o.apache.catalina.core.StandardService   : Starting service [Tomcat]
2025-08-10T00:03:53.528-06:00  INFO 17296 --- [springboot-demo] [restartedMain] o.apache.catalina.core.StandardEngine    : Starting Servlet engine: [Apache Tomcat/10.1.43]
2025-08-10T00:03:53.531-06:00  INFO 17296 --- [springboot-demo] [restartedMain] o.a.c.c.C.[.[localhost].[/stones]        : Initializing Spring embedded WebApplicationContext
2025-08-10T00:03:53.531-06:00  INFO 17296 --- [springboot-demo] [restartedMain] w.s.c.ServletWebServerApplicationContext : Root WebApplicationContext: initialization completed in 66 ms
2025-08-10T00:03:53.537-06:00  INFO 17296 --- [springboot-demo] [restartedMain] com.codqueto.configs.StonesConfigs       : Loading subtitles: default.xyz profile: default
2025-08-10T00:03:53.556-06:00  INFO 17296 --- [springboot-demo] [restartedMain] o.s.b.d.a.OptionalLiveReloadServer       : LiveReload server is running on port 35729
2025-08-10T00:03:53.561-06:00  INFO 17296 --- [springboot-demo] [restartedMain] o.s.b.w.embedded.tomcat.TomcatWebServer  : Tomcat started on port 9090 (http) with context path '/stones'
2025-08-10T00:03:53.563-06:00  INFO 17296 --- [springboot-demo] [restartedMain] com.codqueto.SpringbootDemoApplication   : Started SpringbootDemoApplication in 0.108 seconds (process running for 5331.079)
2025-08-10T00:03:53.566-06:00  INFO 17296 --- [springboot-demo] [restartedMain] com.codqueto.components.Thanos           : Thanos is using the gauntlet to perform snap in Kazakhstan
2025-08-10T00:03:53.566-06:00  INFO 17296 --- [springboot-demo] [restartedMain] c.codqueto.services.GauntletServiceImpl  : using all power
2025-08-10T00:03:53.566-06:00  INFO 17296 --- [springboot-demo] [restartedMain] com.codqueto.components.Thanos           : Thaanos has made 165 danger points
2025-08-10T00:03:53.566-06:00  INFO 17296 --- [springboot-demo] [restartedMain] .ConditionEvaluationDeltaLoggingListener : Condition evaluation unchanged
2025-08-10T00:04:10.156-06:00  INFO 17296 --- [springboot-demo] [File Watcher] rtingClassPathChangeChangedEventListener : Restarting due to 1 class path change (0 additions, 0 deletions, 1 modification)
2025-08-10T00:04:10.162-06:00  INFO 17296 --- [springboot-demo] [Thread-59] o.s.b.w.e.tomcat.GracefulShutdown        : Commencing graceful shutdown. Waiting for active requests to complete
2025-08-10T00:04:12.178-06:00  INFO 17296 --- [springboot-demo] [tomcat-shutdown] o.s.b.w.e.tomcat.GracefulShutdown        : Graceful shutdown complete
2025-08-10T00:04:12.178-06:00 ERROR 17296 --- [springboot-demo] [http-nio-9090-Acceptor] org.apache.tomcat.util.net.Acceptor      : Socket accept failed

java.nio.channels.AsynchronousCloseException: null
	at java.base/java.nio.channels.spi.AbstractInterruptibleChannel.end(AbstractInterruptibleChannel.java:218) ~[na:na]
	at java.base/sun.nio.ch.ServerSocketChannelImpl.end(ServerSocketChannelImpl.java:374) ~[na:na]
	at java.base/sun.nio.ch.ServerSocketChannelImpl.accept(ServerSocketChannelImpl.java:399) ~[na:na]
	at org.apache.tomcat.util.net.NioEndpoint.serverSocketAccept(NioEndpoint.java:537) ~[tomcat-embed-core-10.1.43.jar:10.1.43]
	at org.apache.tomcat.util.net.NioEndpoint.serverSocketAccept(NioEndpoint.java:72) ~[tomcat-embed-core-10.1.43.jar:10.1.43]
	at org.apache.tomcat.util.net.Acceptor.run(Acceptor.java:127) ~[tomcat-embed-core-10.1.43.jar:10.1.43]
	at java.base/java.lang.Thread.run(Thread.java:1447) ~[na:na]

2025-08-10T00:04:12.273-06:00  INFO 17296 --- [springboot-demo] [restartedMain] com.codqueto.SpringbootDemoApplication   : Starting SpringbootDemoApplication using Java 24.0.1 with PID 17296 (/Users/hiram/Documents/learning/java/springboot-demo/target/classes started by hiram in /Users/hiram/Documents/learning/java/springboot-demo)
2025-08-10T00:04:12.273-06:00  INFO 17296 --- [springboot-demo] [restartedMain] com.codqueto.SpringbootDemoApplication   : No active profile set, falling back to 1 default profile: "default"
2025-08-10T00:04:12.361-06:00  INFO 17296 --- [springboot-demo] [restartedMain] o.s.b.w.embedded.tomcat.TomcatWebServer  : Tomcat initialized with port 9090 (http)
2025-08-10T00:04:12.362-06:00  INFO 17296 --- [springboot-demo] [restartedMain] o.apache.catalina.core.StandardService   : Starting service [Tomcat]
2025-08-10T00:04:12.362-06:00  INFO 17296 --- [springboot-demo] [restartedMain] o.apache.catalina.core.StandardEngine    : Starting Servlet engine: [Apache Tomcat/10.1.43]
2025-08-10T00:04:12.365-06:00  INFO 17296 --- [springboot-demo] [restartedMain] o.a.c.c.C.[.[localhost].[/stones]        : Initializing Spring embedded WebApplicationContext
2025-08-10T00:04:12.365-06:00  INFO 17296 --- [springboot-demo] [restartedMain] w.s.c.ServletWebServerApplicationContext : Root WebApplicationContext: initialization completed in 91 ms
2025-08-10T00:04:12.371-06:00  INFO 17296 --- [springboot-demo] [restartedMain] com.codqueto.configs.StonesConfigs       : Loading subtitles: default.xyz profile: default
2025-08-10T00:04:12.396-06:00  INFO 17296 --- [springboot-demo] [restartedMain] o.s.b.d.a.OptionalLiveReloadServer       : LiveReload server is running on port 35729
2025-08-10T00:04:12.405-06:00  INFO 17296 --- [springboot-demo] [restartedMain] o.s.b.w.embedded.tomcat.TomcatWebServer  : Tomcat started on port 9090 (http) with context path '/stones'
2025-08-10T00:04:12.407-06:00  INFO 17296 --- [springboot-demo] [restartedMain] com.codqueto.SpringbootDemoApplication   : Started SpringbootDemoApplication in 0.149 seconds (process running for 5349.924)
2025-08-10T00:04:12.411-06:00  INFO 17296 --- [springboot-demo] [restartedMain] com.codqueto.components.Thanos           : Thanos is using the gauntlet to perform snap in Uruguay
2025-08-10T00:04:12.411-06:00  INFO 17296 --- [springboot-demo] [restartedMain] c.codqueto.services.GauntletServiceImpl  : using all power
2025-08-10T00:04:12.411-06:00  INFO 17296 --- [springboot-demo] [restartedMain] com.codqueto.components.Thanos           : Thaanos has made 61 danger points
2025-08-10T00:04:12.412-06:00  INFO 17296 --- [springboot-demo] [restartedMain] .ConditionEvaluationDeltaLoggingListener : Condition evaluation unchanged
2025-08-10T00:04:34.031-06:00  INFO 17296 --- [springboot-demo] [File Watcher] rtingClassPathChangeChangedEventListener : Restarting due to 1 class path change (0 additions, 0 deletions, 1 modification)
2025-08-10T00:04:34.034-06:00  INFO 17296 --- [springboot-demo] [Thread-63] o.s.b.w.e.tomcat.GracefulShutdown        : Commencing graceful shutdown. Waiting for active requests to complete
2025-08-10T00:04:36.041-06:00  INFO 17296 --- [springboot-demo] [tomcat-shutdown] o.s.b.w.e.tomcat.GracefulShutdown        : Graceful shutdown complete
2025-08-10T00:04:36.041-06:00 ERROR 17296 --- [springboot-demo] [http-nio-9090-Acceptor] org.apache.tomcat.util.net.Acceptor      : Socket accept failed

java.nio.channels.AsynchronousCloseException: null
	at java.base/java.nio.channels.spi.AbstractInterruptibleChannel.end(AbstractInterruptibleChannel.java:218) ~[na:na]
	at java.base/sun.nio.ch.ServerSocketChannelImpl.end(ServerSocketChannelImpl.java:374) ~[na:na]
	at java.base/sun.nio.ch.ServerSocketChannelImpl.accept(ServerSocketChannelImpl.java:399) ~[na:na]
	at org.apache.tomcat.util.net.NioEndpoint.serverSocketAccept(NioEndpoint.java:537) ~[tomcat-embed-core-10.1.43.jar:10.1.43]
	at org.apache.tomcat.util.net.NioEndpoint.serverSocketAccept(NioEndpoint.java:72) ~[tomcat-embed-core-10.1.43.jar:10.1.43]
	at org.apache.tomcat.util.net.Acceptor.run(Acceptor.java:127) ~[tomcat-embed-core-10.1.43.jar:10.1.43]
	at java.base/java.lang.Thread.run(Thread.java:1447) ~[na:na]

2025-08-10T00:04:36.109-06:00  INFO 17296 --- [springboot-demo] [restartedMain] com.codqueto.SpringbootDemoApplication   : Starting SpringbootDemoApplication using Java 24.0.1 with PID 17296 (/Users/hiram/Documents/learning/java/springboot-demo/target/classes started by hiram in /Users/hiram/Documents/learning/java/springboot-demo)
2025-08-10T00:04:36.109-06:00  INFO 17296 --- [springboot-demo] [restartedMain] com.codqueto.SpringbootDemoApplication   : No active profile set, falling back to 1 default profile: "default"
2025-08-10T00:04:36.178-06:00  INFO 17296 --- [springboot-demo] [restartedMain] o.s.b.w.embedded.tomcat.TomcatWebServer  : Tomcat initialized with port 9090 (http)
2025-08-10T00:04:36.179-06:00  INFO 17296 --- [springboot-demo] [restartedMain] o.apache.catalina.core.StandardService   : Starting service [Tomcat]
2025-08-10T00:04:36.179-06:00  INFO 17296 --- [springboot-demo] [restartedMain] o.apache.catalina.core.StandardEngine    : Starting Servlet engine: [Apache Tomcat/10.1.43]
2025-08-10T00:04:36.181-06:00  INFO 17296 --- [springboot-demo] [restartedMain] o.a.c.c.C.[.[localhost].[/stones]        : Initializing Spring embedded WebApplicationContext
2025-08-10T00:04:36.181-06:00  INFO 17296 --- [springboot-demo] [restartedMain] w.s.c.ServletWebServerApplicationContext : Root WebApplicationContext: initialization completed in 71 ms
2025-08-10T00:04:36.187-06:00  INFO 17296 --- [springboot-demo] [restartedMain] com.codqueto.configs.StonesConfigs       : Loading subtitles: default.xyz profile: default
2025-08-10T00:04:36.206-06:00  INFO 17296 --- [springboot-demo] [restartedMain] o.s.b.d.a.OptionalLiveReloadServer       : LiveReload server is running on port 35729
2025-08-10T00:04:36.209-06:00  INFO 17296 --- [springboot-demo] [restartedMain] o.s.b.w.embedded.tomcat.TomcatWebServer  : Tomcat started on port 9090 (http) with context path '/stones'
2025-08-10T00:04:36.211-06:00  INFO 17296 --- [springboot-demo] [restartedMain] com.codqueto.SpringbootDemoApplication   : Started SpringbootDemoApplication in 0.115 seconds (process running for 5373.728)
2025-08-10T00:04:36.213-06:00  INFO 17296 --- [springboot-demo] [restartedMain] com.codqueto.components.Thanos           : Thanos is using the gauntlet to perform snap in Malawi
2025-08-10T00:04:36.214-06:00  INFO 17296 --- [springboot-demo] [restartedMain] c.codqueto.services.GauntletServiceImpl  : using all power
2025-08-10T00:04:36.214-06:00  INFO 17296 --- [springboot-demo] [restartedMain] com.codqueto.components.Thanos           : Thaanos has made 816 danger points
2025-08-10T00:04:36.214-06:00  INFO 17296 --- [springboot-demo] [restartedMain] .ConditionEvaluationDeltaLoggingListener : Condition evaluation unchanged
2025-08-10T00:05:24.088-06:00  INFO 17296 --- [springboot-demo] [File Watcher] rtingClassPathChangeChangedEventListener : Restarting due to 1 class path change (0 additions, 1 deletion, 0 modifications)
2025-08-10T00:05:24.090-06:00  INFO 17296 --- [springboot-demo] [Thread-67] o.s.b.w.e.tomcat.GracefulShutdown        : Commencing graceful shutdown. Waiting for active requests to complete
2025-08-10T00:05:26.098-06:00  INFO 17296 --- [springboot-demo] [tomcat-shutdown] o.s.b.w.e.tomcat.GracefulShutdown        : Graceful shutdown complete
2025-08-10T00:05:26.099-06:00 ERROR 17296 --- [springboot-demo] [http-nio-9090-Acceptor] org.apache.tomcat.util.net.Acceptor      : Socket accept failed

java.nio.channels.AsynchronousCloseException: null
	at java.base/java.nio.channels.spi.AbstractInterruptibleChannel.end(AbstractInterruptibleChannel.java:218) ~[na:na]
	at java.base/sun.nio.ch.ServerSocketChannelImpl.end(ServerSocketChannelImpl.java:374) ~[na:na]
	at java.base/sun.nio.ch.ServerSocketChannelImpl.accept(ServerSocketChannelImpl.java:399) ~[na:na]
	at org.apache.tomcat.util.net.NioEndpoint.serverSocketAccept(NioEndpoint.java:537) ~[tomcat-embed-core-10.1.43.jar:10.1.43]
	at org.apache.tomcat.util.net.NioEndpoint.serverSocketAccept(NioEndpoint.java:72) ~[tomcat-embed-core-10.1.43.jar:10.1.43]
	at org.apache.tomcat.util.net.Acceptor.run(Acceptor.java:127) ~[tomcat-embed-core-10.1.43.jar:10.1.43]
	at java.base/java.lang.Thread.run(Thread.java:1447) ~[na:na]

2025-08-10T00:05:26.168-06:00  INFO 17296 --- [springboot-demo] [restartedMain] com.codqueto.SpringbootDemoApplication   : Starting SpringbootDemoApplication using Java 24.0.1 with PID 17296 (/Users/hiram/Documents/learning/java/springboot-demo/target/classes started by hiram in /Users/hiram/Documents/learning/java/springboot-demo)
2025-08-10T00:05:26.168-06:00  INFO 17296 --- [springboot-demo] [restartedMain] com.codqueto.SpringbootDemoApplication   : No active profile set, falling back to 1 default profile: "default"
2025-08-10T00:05:26.236-06:00  INFO 17296 --- [springboot-demo] [restartedMain] o.s.b.w.embedded.tomcat.TomcatWebServer  : Tomcat initialized with port 9090 (http)
2025-08-10T00:05:26.236-06:00  INFO 17296 --- [springboot-demo] [restartedMain] o.apache.catalina.core.StandardService   : Starting service [Tomcat]
2025-08-10T00:05:26.237-06:00  INFO 17296 --- [springboot-demo] [restartedMain] o.apache.catalina.core.StandardEngine    : Starting Servlet engine: [Apache Tomcat/10.1.43]
2025-08-10T00:05:26.239-06:00  INFO 17296 --- [springboot-demo] [restartedMain] o.a.c.c.C.[.[localhost].[/stones]        : Initializing Spring embedded WebApplicationContext
2025-08-10T00:05:26.239-06:00  INFO 17296 --- [springboot-demo] [restartedMain] w.s.c.ServletWebServerApplicationContext : Root WebApplicationContext: initialization completed in 71 ms
2025-08-10T00:05:26.245-06:00  INFO 17296 --- [springboot-demo] [restartedMain] com.codqueto.configs.StonesConfigs       : Loading subtitles: default.xyz profile: default
2025-08-10T00:05:26.264-06:00  INFO 17296 --- [springboot-demo] [restartedMain] o.s.b.d.a.OptionalLiveReloadServer       : LiveReload server is running on port 35729
2025-08-10T00:05:26.267-06:00  INFO 17296 --- [springboot-demo] [restartedMain] o.s.b.w.embedded.tomcat.TomcatWebServer  : Tomcat started on port 9090 (http) with context path '/stones'
2025-08-10T00:05:26.269-06:00  INFO 17296 --- [springboot-demo] [restartedMain] com.codqueto.SpringbootDemoApplication   : Started SpringbootDemoApplication in 0.116 seconds (process running for 5423.787)
2025-08-10T00:05:26.272-06:00  INFO 17296 --- [springboot-demo] [restartedMain] com.codqueto.components.Thanos           : Thanos is using the gauntlet to perform snap in Ukraine
2025-08-10T00:05:26.272-06:00  INFO 17296 --- [springboot-demo] [restartedMain] c.codqueto.services.GauntletServiceImpl  : using all power
2025-08-10T00:05:26.272-06:00  INFO 17296 --- [springboot-demo] [restartedMain] com.codqueto.components.Thanos           : Thaanos has made 485 danger points
2025-08-10T00:05:26.272-06:00  INFO 17296 --- [springboot-demo] [restartedMain] .ConditionEvaluationDeltaLoggingListener : Condition evaluation unchanged
2025-08-10T00:05:27.682-06:00  INFO 17296 --- [springboot-demo] [File Watcher] rtingClassPathChangeChangedEventListener : Restarting due to 1 class path change (1 addition, 0 deletions, 0 modifications)
2025-08-10T00:05:27.683-06:00  INFO 17296 --- [springboot-demo] [Thread-71] o.s.b.w.e.tomcat.GracefulShutdown        : Commencing graceful shutdown. Waiting for active requests to complete
2025-08-10T00:05:29.692-06:00  INFO 17296 --- [springboot-demo] [tomcat-shutdown] o.s.b.w.e.tomcat.GracefulShutdown        : Graceful shutdown complete
2025-08-10T00:05:29.693-06:00 ERROR 17296 --- [springboot-demo] [http-nio-9090-Acceptor] org.apache.tomcat.util.net.Acceptor      : Socket accept failed

java.nio.channels.AsynchronousCloseException: null
	at java.base/java.nio.channels.spi.AbstractInterruptibleChannel.end(AbstractInterruptibleChannel.java:218) ~[na:na]
	at java.base/sun.nio.ch.ServerSocketChannelImpl.end(ServerSocketChannelImpl.java:374) ~[na:na]
	at java.base/sun.nio.ch.ServerSocketChannelImpl.accept(ServerSocketChannelImpl.java:399) ~[na:na]
	at org.apache.tomcat.util.net.NioEndpoint.serverSocketAccept(NioEndpoint.java:537) ~[tomcat-embed-core-10.1.43.jar:10.1.43]
	at org.apache.tomcat.util.net.NioEndpoint.serverSocketAccept(NioEndpoint.java:72) ~[tomcat-embed-core-10.1.43.jar:10.1.43]
	at org.apache.tomcat.util.net.Acceptor.run(Acceptor.java:127) ~[tomcat-embed-core-10.1.43.jar:10.1.43]
	at java.base/java.lang.Thread.run(Thread.java:1447) ~[na:na]

2025-08-10T00:05:29.748-06:00  INFO 17296 --- [springboot-demo] [restartedMain] com.codqueto.SpringbootDemoApplication   : Starting SpringbootDemoApplication using Java 24.0.1 with PID 17296 (/Users/hiram/Documents/learning/java/springboot-demo/target/classes started by hiram in /Users/hiram/Documents/learning/java/springboot-demo)
2025-08-10T00:05:29.748-06:00  INFO 17296 --- [springboot-demo] [restartedMain] com.codqueto.SpringbootDemoApplication   : No active profile set, falling back to 1 default profile: "default"
2025-08-10T00:05:29.810-06:00  INFO 17296 --- [springboot-demo] [restartedMain] o.s.b.w.embedded.tomcat.TomcatWebServer  : Tomcat initialized with port 9090 (http)
2025-08-10T00:05:29.811-06:00  INFO 17296 --- [springboot-demo] [restartedMain] o.apache.catalina.core.StandardService   : Starting service [Tomcat]
2025-08-10T00:05:29.811-06:00  INFO 17296 --- [springboot-demo] [restartedMain] o.apache.catalina.core.StandardEngine    : Starting Servlet engine: [Apache Tomcat/10.1.43]
2025-08-10T00:05:29.813-06:00  INFO 17296 --- [springboot-demo] [restartedMain] o.a.c.c.C.[.[localhost].[/stones]        : Initializing Spring embedded WebApplicationContext
2025-08-10T00:05:29.813-06:00  INFO 17296 --- [springboot-demo] [restartedMain] w.s.c.ServletWebServerApplicationContext : Root WebApplicationContext: initialization completed in 64 ms
2025-08-10T00:05:29.818-06:00  INFO 17296 --- [springboot-demo] [restartedMain] com.codqueto.configs.StonesConfigs       : Loading subtitles: default.xyz profile: default
2025-08-10T00:05:29.837-06:00  INFO 17296 --- [springboot-demo] [restartedMain] o.s.b.d.a.OptionalLiveReloadServer       : LiveReload server is running on port 35729
2025-08-10T00:05:29.841-06:00  INFO 17296 --- [springboot-demo] [restartedMain] o.s.b.w.embedded.tomcat.TomcatWebServer  : Tomcat started on port 9090 (http) with context path '/stones'
2025-08-10T00:05:29.843-06:00  INFO 17296 --- [springboot-demo] [restartedMain] com.codqueto.SpringbootDemoApplication   : Started SpringbootDemoApplication in 0.107 seconds (process running for 5427.361)
2025-08-10T00:05:29.845-06:00  INFO 17296 --- [springboot-demo] [restartedMain] com.codqueto.components.Thanos           : Thanos is using the gauntlet to perform snap in Angola
2025-08-10T00:05:29.845-06:00  INFO 17296 --- [springboot-demo] [restartedMain] c.codqueto.services.GauntletServiceImpl  : using all power
2025-08-10T00:05:29.845-06:00  INFO 17296 --- [springboot-demo] [restartedMain] com.codqueto.components.Thanos           : Thaanos has made 162 danger points
2025-08-10T00:05:29.846-06:00  INFO 17296 --- [springboot-demo] [restartedMain] .ConditionEvaluationDeltaLoggingListener : Condition evaluation unchanged
2025-08-10T00:05:54.484-06:00  INFO 17296 --- [springboot-demo] [File Watcher] rtingClassPathChangeChangedEventListener : Restarting due to 1 class path change (0 additions, 1 deletion, 0 modifications)
2025-08-10T00:05:54.486-06:00  INFO 17296 --- [springboot-demo] [Thread-75] o.s.b.w.e.tomcat.GracefulShutdown        : Commencing graceful shutdown. Waiting for active requests to complete
2025-08-10T00:05:56.493-06:00  INFO 17296 --- [springboot-demo] [tomcat-shutdown] o.s.b.w.e.tomcat.GracefulShutdown        : Graceful shutdown complete
2025-08-10T00:05:56.493-06:00 ERROR 17296 --- [springboot-demo] [http-nio-9090-Acceptor] org.apache.tomcat.util.net.Acceptor      : Socket accept failed

java.nio.channels.AsynchronousCloseException: null
	at java.base/java.nio.channels.spi.AbstractInterruptibleChannel.end(AbstractInterruptibleChannel.java:218) ~[na:na]
	at java.base/sun.nio.ch.ServerSocketChannelImpl.end(ServerSocketChannelImpl.java:374) ~[na:na]
	at java.base/sun.nio.ch.ServerSocketChannelImpl.accept(ServerSocketChannelImpl.java:399) ~[na:na]
	at org.apache.tomcat.util.net.NioEndpoint.serverSocketAccept(NioEndpoint.java:537) ~[tomcat-embed-core-10.1.43.jar:10.1.43]
	at org.apache.tomcat.util.net.NioEndpoint.serverSocketAccept(NioEndpoint.java:72) ~[tomcat-embed-core-10.1.43.jar:10.1.43]
	at org.apache.tomcat.util.net.Acceptor.run(Acceptor.java:127) ~[tomcat-embed-core-10.1.43.jar:10.1.43]
	at java.base/java.lang.Thread.run(Thread.java:1447) ~[na:na]

2025-08-10T00:05:56.546-06:00  INFO 17296 --- [springboot-demo] [restartedMain] com.codqueto.SpringbootDemoApplication   : Starting SpringbootDemoApplication using Java 24.0.1 with PID 17296 (/Users/hiram/Documents/learning/java/springboot-demo/target/classes started by hiram in /Users/hiram/Documents/learning/java/springboot-demo)
2025-08-10T00:05:56.546-06:00  INFO 17296 --- [springboot-demo] [restartedMain] com.codqueto.SpringbootDemoApplication   : No active profile set, falling back to 1 default profile: "default"
2025-08-10T00:05:56.621-06:00  INFO 17296 --- [springboot-demo] [restartedMain] o.s.b.w.embedded.tomcat.TomcatWebServer  : Tomcat initialized with port 9090 (http)
2025-08-10T00:05:56.621-06:00  INFO 17296 --- [springboot-demo] [restartedMain] o.apache.catalina.core.StandardService   : Starting service [Tomcat]
2025-08-10T00:05:56.621-06:00  INFO 17296 --- [springboot-demo] [restartedMain] o.apache.catalina.core.StandardEngine    : Starting Servlet engine: [Apache Tomcat/10.1.43]
2025-08-10T00:05:56.626-06:00  INFO 17296 --- [springboot-demo] [restartedMain] o.a.c.c.C.[.[localhost].[/stones]        : Initializing Spring embedded WebApplicationContext
2025-08-10T00:05:56.626-06:00  INFO 17296 --- [springboot-demo] [restartedMain] w.s.c.ServletWebServerApplicationContext : Root WebApplicationContext: initialization completed in 79 ms
2025-08-10T00:05:56.633-06:00  INFO 17296 --- [springboot-demo] [restartedMain] com.codqueto.configs.StonesConfigs       : Loading subtitles: default.xyz profile: default
2025-08-10T00:05:56.636-06:00  WARN 17296 --- [springboot-demo] [restartedMain] ConfigServletWebServerApplicationContext : Exception encountered during context initialization - cancelling refresh attempt: org.springframework.beans.factory.UnsatisfiedDependencyException: Error creating bean with name 'thanosModel' defined in file [/Users/hiram/Documents/learning/java/springboot-demo/target/classes/com/codqueto/models/ThanosModel.class]: Unsatisfied dependency expressed through constructor parameter 0: No qualifying bean of type 'java.lang.String' available: expected at least 1 bean which qualifies as autowire candidate. Dependency annotations: {}
2025-08-10T00:05:56.636-06:00  INFO 17296 --- [springboot-demo] [restartedMain] o.apache.catalina.core.StandardService   : Stopping service [Tomcat]
2025-08-10T00:05:56.640-06:00  INFO 17296 --- [springboot-demo] [restartedMain] .s.b.a.l.ConditionEvaluationReportLogger : 

Error starting ApplicationContext. To display the condition evaluation report re-run your application with 'debug' enabled.
2025-08-10T00:05:56.650-06:00 ERROR 17296 --- [springboot-demo] [restartedMain] o.s.b.d.LoggingFailureAnalysisReporter   : 

***************************
APPLICATION FAILED TO START
***************************

Description:

ThanosModel is annotated with @ConstructorBinding but it is defined as a regular bean which caused dependency injection to fail.

Action:

Update your configuration so that ThanosModel is defined via @ConfigurationPropertiesScan or @EnableConfigurationProperties.

2025-08-10T00:05:58.099-06:00  INFO 17296 --- [springboot-demo] [restartedMain] com.codqueto.SpringbootDemoApplication   : Starting SpringbootDemoApplication using Java 24.0.1 with PID 17296 (/Users/hiram/Documents/learning/java/springboot-demo/target/classes started by hiram in /Users/hiram/Documents/learning/java/springboot-demo)
2025-08-10T00:05:58.099-06:00  INFO 17296 --- [springboot-demo] [restartedMain] com.codqueto.SpringbootDemoApplication   : No active profile set, falling back to 1 default profile: "default"
2025-08-10T00:05:58.156-06:00  INFO 17296 --- [springboot-demo] [restartedMain] o.s.b.w.embedded.tomcat.TomcatWebServer  : Tomcat initialized with port 9090 (http)
2025-08-10T00:05:58.157-06:00  INFO 17296 --- [springboot-demo] [restartedMain] o.apache.catalina.core.StandardService   : Starting service [Tomcat]
2025-08-10T00:05:58.157-06:00  INFO 17296 --- [springboot-demo] [restartedMain] o.apache.catalina.core.StandardEngine    : Starting Servlet engine: [Apache Tomcat/10.1.43]
2025-08-10T00:05:58.160-06:00  INFO 17296 --- [springboot-demo] [restartedMain] o.a.c.c.C.[.[localhost].[/stones]        : Initializing Spring embedded WebApplicationContext
2025-08-10T00:05:58.160-06:00  INFO 17296 --- [springboot-demo] [restartedMain] w.s.c.ServletWebServerApplicationContext : Root WebApplicationContext: initialization completed in 60 ms
2025-08-10T00:05:58.166-06:00  INFO 17296 --- [springboot-demo] [restartedMain] com.codqueto.configs.StonesConfigs       : Loading subtitles: default.xyz profile: default
2025-08-10T00:05:58.167-06:00  WARN 17296 --- [springboot-demo] [restartedMain] ConfigServletWebServerApplicationContext : Exception encountered during context initialization - cancelling refresh attempt: org.springframework.beans.factory.UnsatisfiedDependencyException: Error creating bean with name 'thanosModel' defined in file [/Users/hiram/Documents/learning/java/springboot-demo/target/classes/com/codqueto/models/ThanosModel.class]: Unsatisfied dependency expressed through constructor parameter 0: No qualifying bean of type 'java.lang.String' available: expected at least 1 bean which qualifies as autowire candidate. Dependency annotations: {}
2025-08-10T00:05:58.168-06:00  INFO 17296 --- [springboot-demo] [restartedMain] o.apache.catalina.core.StandardService   : Stopping service [Tomcat]
2025-08-10T00:05:58.169-06:00  INFO 17296 --- [springboot-demo] [restartedMain] .s.b.a.l.ConditionEvaluationReportLogger : 

Error starting ApplicationContext. To display the condition evaluation report re-run your application with 'debug' enabled.
2025-08-10T00:05:58.172-06:00 ERROR 17296 --- [springboot-demo] [restartedMain] o.s.b.d.LoggingFailureAnalysisReporter   : 

***************************
APPLICATION FAILED TO START
***************************

Description:

ThanosModel is annotated with @ConstructorBinding but it is defined as a regular bean which caused dependency injection to fail.

Action:

Update your configuration so that ThanosModel is defined via @ConfigurationPropertiesScan or @EnableConfigurationProperties.

2025-08-10T00:06:14.852-06:00  INFO 17296 --- [springboot-demo] [restartedMain] com.codqueto.SpringbootDemoApplication   : Starting SpringbootDemoApplication using Java 24.0.1 with PID 17296 (/Users/hiram/Documents/learning/java/springboot-demo/target/classes started by hiram in /Users/hiram/Documents/learning/java/springboot-demo)
2025-08-10T00:06:14.853-06:00  INFO 17296 --- [springboot-demo] [restartedMain] com.codqueto.SpringbootDemoApplication   : No active profile set, falling back to 1 default profile: "default"
2025-08-10T00:06:14.968-06:00  INFO 17296 --- [springboot-demo] [restartedMain] o.s.b.w.embedded.tomcat.TomcatWebServer  : Tomcat initialized with port 9090 (http)
2025-08-10T00:06:14.968-06:00  INFO 17296 --- [springboot-demo] [restartedMain] o.apache.catalina.core.StandardService   : Starting service [Tomcat]
2025-08-10T00:06:14.968-06:00  INFO 17296 --- [springboot-demo] [restartedMain] o.apache.catalina.core.StandardEngine    : Starting Servlet engine: [Apache Tomcat/10.1.43]
2025-08-10T00:06:14.975-06:00  INFO 17296 --- [springboot-demo] [restartedMain] o.a.c.c.C.[.[localhost].[/stones]        : Initializing Spring embedded WebApplicationContext
2025-08-10T00:06:14.975-06:00  INFO 17296 --- [springboot-demo] [restartedMain] w.s.c.ServletWebServerApplicationContext : Root WebApplicationContext: initialization completed in 115 ms
2025-08-10T00:06:14.991-06:00  INFO 17296 --- [springboot-demo] [restartedMain] com.codqueto.configs.StonesConfigs       : Loading subtitles: default.xyz profile: default
2025-08-10T00:06:14.994-06:00  WARN 17296 --- [springboot-demo] [restartedMain] ConfigServletWebServerApplicationContext : Exception encountered during context initialization - cancelling refresh attempt: org.springframework.beans.factory.UnsatisfiedDependencyException: Error creating bean with name 'thanosModel' defined in file [/Users/hiram/Documents/learning/java/springboot-demo/target/classes/com/codqueto/models/ThanosModel.class]: Unsatisfied dependency expressed through constructor parameter 0: No qualifying bean of type 'java.lang.String' available: expected at least 1 bean which qualifies as autowire candidate. Dependency annotations: {}
2025-08-10T00:06:14.994-06:00  INFO 17296 --- [springboot-demo] [restartedMain] o.apache.catalina.core.StandardService   : Stopping service [Tomcat]
2025-08-10T00:06:14.997-06:00  INFO 17296 --- [springboot-demo] [restartedMain] .s.b.a.l.ConditionEvaluationReportLogger : 

Error starting ApplicationContext. To display the condition evaluation report re-run your application with 'debug' enabled.
2025-08-10T00:06:14.998-06:00 ERROR 17296 --- [springboot-demo] [restartedMain] o.s.b.d.LoggingFailureAnalysisReporter   : 

***************************
APPLICATION FAILED TO START
***************************

Description:

ThanosModel is annotated with @ConstructorBinding but it is defined as a regular bean which caused dependency injection to fail.

Action:

Update your configuration so that ThanosModel is defined via @ConfigurationPropertiesScan or @EnableConfigurationProperties.

2025-08-10T00:07:02.290-06:00  INFO 17296 --- [springboot-demo] [restartedMain] com.codqueto.SpringbootDemoApplication   : Starting SpringbootDemoApplication using Java 24.0.1 with PID 17296 (/Users/hiram/Documents/learning/java/springboot-demo/target/classes started by hiram in /Users/hiram/Documents/learning/java/springboot-demo)
2025-08-10T00:07:02.290-06:00  INFO 17296 --- [springboot-demo] [restartedMain] com.codqueto.SpringbootDemoApplication   : No active profile set, falling back to 1 default profile: "default"
2025-08-10T00:07:02.385-06:00  INFO 17296 --- [springboot-demo] [restartedMain] o.s.b.w.embedded.tomcat.TomcatWebServer  : Tomcat initialized with port 9090 (http)
2025-08-10T00:07:02.386-06:00  INFO 17296 --- [springboot-demo] [restartedMain] o.apache.catalina.core.StandardService   : Starting service [Tomcat]
2025-08-10T00:07:02.386-06:00  INFO 17296 --- [springboot-demo] [restartedMain] o.apache.catalina.core.StandardEngine    : Starting Servlet engine: [Apache Tomcat/10.1.43]
2025-08-10T00:07:02.390-06:00  INFO 17296 --- [springboot-demo] [restartedMain] o.a.c.c.C.[.[localhost].[/stones]        : Initializing Spring embedded WebApplicationContext
2025-08-10T00:07:02.390-06:00  INFO 17296 --- [springboot-demo] [restartedMain] w.s.c.ServletWebServerApplicationContext : Root WebApplicationContext: initialization completed in 98 ms
2025-08-10T00:07:02.395-06:00  INFO 17296 --- [springboot-demo] [restartedMain] com.codqueto.configs.StonesConfigs       : Loading subtitles: default.xyz profile: default
2025-08-10T00:07:02.397-06:00  WARN 17296 --- [springboot-demo] [restartedMain] ConfigServletWebServerApplicationContext : Exception encountered during context initialization - cancelling refresh attempt: org.springframework.beans.factory.UnsatisfiedDependencyException: Error creating bean with name 'thanosModel' defined in file [/Users/hiram/Documents/learning/java/springboot-demo/target/classes/com/codqueto/models/ThanosModel.class]: Unsatisfied dependency expressed through constructor parameter 0: No qualifying bean of type 'java.lang.String' available: expected at least 1 bean which qualifies as autowire candidate. Dependency annotations: {}
2025-08-10T00:07:02.397-06:00  INFO 17296 --- [springboot-demo] [restartedMain] o.apache.catalina.core.StandardService   : Stopping service [Tomcat]
2025-08-10T00:07:02.399-06:00  INFO 17296 --- [springboot-demo] [restartedMain] .s.b.a.l.ConditionEvaluationReportLogger : 

Error starting ApplicationContext. To display the condition evaluation report re-run your application with 'debug' enabled.
2025-08-10T00:07:02.400-06:00 ERROR 17296 --- [springboot-demo] [restartedMain] o.s.b.d.LoggingFailureAnalysisReporter   : 

***************************
APPLICATION FAILED TO START
***************************

Description:

ThanosModel is annotated with @ConstructorBinding but it is defined as a regular bean which caused dependency injection to fail.

Action:

Update your configuration so that ThanosModel is defined via @ConfigurationPropertiesScan or @EnableConfigurationProperties.

2025-08-10T00:08:10.464-06:00  INFO 17296 --- [springboot-demo] [restartedMain] com.codqueto.SpringbootDemoApplication   : Starting SpringbootDemoApplication using Java 24.0.1 with PID 17296 (/Users/hiram/Documents/learning/java/springboot-demo/target/classes started by hiram in /Users/hiram/Documents/learning/java/springboot-demo)
2025-08-10T00:08:10.464-06:00  INFO 17296 --- [springboot-demo] [restartedMain] com.codqueto.SpringbootDemoApplication   : No active profile set, falling back to 1 default profile: "default"
2025-08-10T00:08:10.563-06:00  INFO 17296 --- [springboot-demo] [restartedMain] o.s.b.w.embedded.tomcat.TomcatWebServer  : Tomcat initialized with port 9090 (http)
2025-08-10T00:08:10.565-06:00  INFO 17296 --- [springboot-demo] [restartedMain] o.apache.catalina.core.StandardService   : Starting service [Tomcat]
2025-08-10T00:08:10.565-06:00  INFO 17296 --- [springboot-demo] [restartedMain] o.apache.catalina.core.StandardEngine    : Starting Servlet engine: [Apache Tomcat/10.1.43]
2025-08-10T00:08:10.571-06:00  INFO 17296 --- [springboot-demo] [restartedMain] o.a.c.c.C.[.[localhost].[/stones]        : Initializing Spring embedded WebApplicationContext
2025-08-10T00:08:10.571-06:00  INFO 17296 --- [springboot-demo] [restartedMain] w.s.c.ServletWebServerApplicationContext : Root WebApplicationContext: initialization completed in 105 ms
2025-08-10T00:08:10.578-06:00  INFO 17296 --- [springboot-demo] [restartedMain] com.codqueto.configs.StonesConfigs       : Loading subtitles: default.xyz profile: default
2025-08-10T00:08:10.613-06:00  INFO 17296 --- [springboot-demo] [restartedMain] o.s.b.d.a.OptionalLiveReloadServer       : LiveReload server is running on port 35729
2025-08-10T00:08:10.617-06:00  INFO 17296 --- [springboot-demo] [restartedMain] o.s.b.w.embedded.tomcat.TomcatWebServer  : Tomcat started on port 9090 (http) with context path '/stones'
2025-08-10T00:08:10.619-06:00  INFO 17296 --- [springboot-demo] [restartedMain] com.codqueto.SpringbootDemoApplication   : Started SpringbootDemoApplication in 0.167 seconds (process running for 5588.141)
2025-08-10T00:08:10.623-06:00  INFO 17296 --- [springboot-demo] [restartedMain] com.codqueto.components.Thanos           : Thanos is using the gauntlet to perform snap in Uzbekistan
2025-08-10T00:08:10.623-06:00  INFO 17296 --- [springboot-demo] [restartedMain] c.codqueto.services.GauntletServiceImpl  : using all power
2025-08-10T00:08:10.623-06:00  INFO 17296 --- [springboot-demo] [restartedMain] com.codqueto.components.Thanos           : Thaanos has made 948 danger points
2025-08-10T00:08:10.623-06:00  INFO 17296 --- [springboot-demo] [restartedMain] .ConditionEvaluationDeltaLoggingListener : Condition evaluation unchanged
2025-08-10T00:08:12.029-06:00  INFO 17296 --- [springboot-demo] [File Watcher] rtingClassPathChangeChangedEventListener : Restarting due to 1 class path change (1 addition, 0 deletions, 0 modifications)
2025-08-10T00:08:12.031-06:00  INFO 17296 --- [springboot-demo] [Thread-79] o.s.b.w.e.tomcat.GracefulShutdown        : Commencing graceful shutdown. Waiting for active requests to complete
2025-08-10T00:08:14.042-06:00  INFO 17296 --- [springboot-demo] [tomcat-shutdown] o.s.b.w.e.tomcat.GracefulShutdown        : Graceful shutdown complete
2025-08-10T00:08:14.043-06:00 ERROR 17296 --- [springboot-demo] [http-nio-9090-Acceptor] org.apache.tomcat.util.net.Acceptor      : Socket accept failed

java.nio.channels.AsynchronousCloseException: null
	at java.base/java.nio.channels.spi.AbstractInterruptibleChannel.end(AbstractInterruptibleChannel.java:218) ~[na:na]
	at java.base/sun.nio.ch.ServerSocketChannelImpl.end(ServerSocketChannelImpl.java:374) ~[na:na]
	at java.base/sun.nio.ch.ServerSocketChannelImpl.accept(ServerSocketChannelImpl.java:399) ~[na:na]
	at org.apache.tomcat.util.net.NioEndpoint.serverSocketAccept(NioEndpoint.java:537) ~[tomcat-embed-core-10.1.43.jar:10.1.43]
	at org.apache.tomcat.util.net.NioEndpoint.serverSocketAccept(NioEndpoint.java:72) ~[tomcat-embed-core-10.1.43.jar:10.1.43]
	at org.apache.tomcat.util.net.Acceptor.run(Acceptor.java:127) ~[tomcat-embed-core-10.1.43.jar:10.1.43]
	at java.base/java.lang.Thread.run(Thread.java:1447) ~[na:na]

2025-08-10T00:08:14.120-06:00  INFO 17296 --- [springboot-demo] [restartedMain] com.codqueto.SpringbootDemoApplication   : Starting SpringbootDemoApplication using Java 24.0.1 with PID 17296 (/Users/hiram/Documents/learning/java/springboot-demo/target/classes started by hiram in /Users/hiram/Documents/learning/java/springboot-demo)
2025-08-10T00:08:14.120-06:00  INFO 17296 --- [springboot-demo] [restartedMain] com.codqueto.SpringbootDemoApplication   : No active profile set, falling back to 1 default profile: "default"
2025-08-10T00:08:14.187-06:00  INFO 17296 --- [springboot-demo] [restartedMain] o.s.b.w.embedded.tomcat.TomcatWebServer  : Tomcat initialized with port 9090 (http)
2025-08-10T00:08:14.187-06:00  INFO 17296 --- [springboot-demo] [restartedMain] o.apache.catalina.core.StandardService   : Starting service [Tomcat]
2025-08-10T00:08:14.187-06:00  INFO 17296 --- [springboot-demo] [restartedMain] o.apache.catalina.core.StandardEngine    : Starting Servlet engine: [Apache Tomcat/10.1.43]
2025-08-10T00:08:14.190-06:00  INFO 17296 --- [springboot-demo] [restartedMain] o.a.c.c.C.[.[localhost].[/stones]        : Initializing Spring embedded WebApplicationContext
2025-08-10T00:08:14.190-06:00  INFO 17296 --- [springboot-demo] [restartedMain] w.s.c.ServletWebServerApplicationContext : Root WebApplicationContext: initialization completed in 69 ms
2025-08-10T00:08:14.195-06:00  INFO 17296 --- [springboot-demo] [restartedMain] com.codqueto.configs.StonesConfigs       : Loading subtitles: default.xyz profile: default
2025-08-10T00:08:14.213-06:00  INFO 17296 --- [springboot-demo] [restartedMain] o.s.b.d.a.OptionalLiveReloadServer       : LiveReload server is running on port 35729
2025-08-10T00:08:14.222-06:00  INFO 17296 --- [springboot-demo] [restartedMain] o.s.b.w.embedded.tomcat.TomcatWebServer  : Tomcat started on port 9090 (http) with context path '/stones'
2025-08-10T00:08:14.224-06:00  INFO 17296 --- [springboot-demo] [restartedMain] com.codqueto.SpringbootDemoApplication   : Started SpringbootDemoApplication in 0.114 seconds (process running for 5591.746)
2025-08-10T00:08:14.227-06:00  INFO 17296 --- [springboot-demo] [restartedMain] com.codqueto.components.Thanos           : Thanos is using the gauntlet to perform snap in Montenegro
2025-08-10T00:08:14.227-06:00  INFO 17296 --- [springboot-demo] [restartedMain] c.codqueto.services.GauntletServiceImpl  : using all power
2025-08-10T00:08:14.228-06:00  INFO 17296 --- [springboot-demo] [restartedMain] com.codqueto.components.Thanos           : Thaanos has made 31 danger points
2025-08-10T00:08:14.228-06:00  INFO 17296 --- [springboot-demo] [restartedMain] .ConditionEvaluationDeltaLoggingListener : Condition evaluation unchanged
2025-08-10T00:08:25.718-06:00  INFO 17296 --- [springboot-demo] [File Watcher] rtingClassPathChangeChangedEventListener : Restarting due to 1 class path change (0 additions, 0 deletions, 1 modification)
2025-08-10T00:08:25.723-06:00  INFO 17296 --- [springboot-demo] [Thread-95] o.s.b.w.e.tomcat.GracefulShutdown        : Commencing graceful shutdown. Waiting for active requests to complete
2025-08-10T00:08:27.734-06:00  INFO 17296 --- [springboot-demo] [tomcat-shutdown] o.s.b.w.e.tomcat.GracefulShutdown        : Graceful shutdown complete
2025-08-10T00:08:27.734-06:00 ERROR 17296 --- [springboot-demo] [http-nio-9090-Acceptor] org.apache.tomcat.util.net.Acceptor      : Socket accept failed

java.nio.channels.AsynchronousCloseException: null
	at java.base/java.nio.channels.spi.AbstractInterruptibleChannel.end(AbstractInterruptibleChannel.java:218) ~[na:na]
	at java.base/sun.nio.ch.ServerSocketChannelImpl.end(ServerSocketChannelImpl.java:374) ~[na:na]
	at java.base/sun.nio.ch.ServerSocketChannelImpl.accept(ServerSocketChannelImpl.java:399) ~[na:na]
	at org.apache.tomcat.util.net.NioEndpoint.serverSocketAccept(NioEndpoint.java:537) ~[tomcat-embed-core-10.1.43.jar:10.1.43]
	at org.apache.tomcat.util.net.NioEndpoint.serverSocketAccept(NioEndpoint.java:72) ~[tomcat-embed-core-10.1.43.jar:10.1.43]
	at org.apache.tomcat.util.net.Acceptor.run(Acceptor.java:127) ~[tomcat-embed-core-10.1.43.jar:10.1.43]
	at java.base/java.lang.Thread.run(Thread.java:1447) ~[na:na]

2025-08-10T00:08:27.799-06:00  INFO 17296 --- [springboot-demo] [restartedMain] com.codqueto.SpringbootDemoApplication   : Starting SpringbootDemoApplication using Java 24.0.1 with PID 17296 (/Users/hiram/Documents/learning/java/springboot-demo/target/classes started by hiram in /Users/hiram/Documents/learning/java/springboot-demo)
2025-08-10T00:08:27.799-06:00  INFO 17296 --- [springboot-demo] [restartedMain] com.codqueto.SpringbootDemoApplication   : No active profile set, falling back to 1 default profile: "default"
2025-08-10T00:08:27.873-06:00  INFO 17296 --- [springboot-demo] [restartedMain] o.s.b.w.embedded.tomcat.TomcatWebServer  : Tomcat initialized with port 9090 (http)
2025-08-10T00:08:27.873-06:00  INFO 17296 --- [springboot-demo] [restartedMain] o.apache.catalina.core.StandardService   : Starting service [Tomcat]
2025-08-10T00:08:27.873-06:00  INFO 17296 --- [springboot-demo] [restartedMain] o.apache.catalina.core.StandardEngine    : Starting Servlet engine: [Apache Tomcat/10.1.43]
2025-08-10T00:08:27.876-06:00  INFO 17296 --- [springboot-demo] [restartedMain] o.a.c.c.C.[.[localhost].[/stones]        : Initializing Spring embedded WebApplicationContext
2025-08-10T00:08:27.876-06:00  INFO 17296 --- [springboot-demo] [restartedMain] w.s.c.ServletWebServerApplicationContext : Root WebApplicationContext: initialization completed in 76 ms
2025-08-10T00:08:27.884-06:00  INFO 17296 --- [springboot-demo] [restartedMain] com.codqueto.configs.StonesConfigs       : Loading subtitles: default.xyz profile: default
2025-08-10T00:08:27.913-06:00  INFO 17296 --- [springboot-demo] [restartedMain] o.s.b.d.a.OptionalLiveReloadServer       : LiveReload server is running on port 35729
2025-08-10T00:08:27.917-06:00  INFO 17296 --- [springboot-demo] [restartedMain] o.s.b.w.embedded.tomcat.TomcatWebServer  : Tomcat started on port 9090 (http) with context path '/stones'
2025-08-10T00:08:27.919-06:00  INFO 17296 --- [springboot-demo] [restartedMain] com.codqueto.SpringbootDemoApplication   : Started SpringbootDemoApplication in 0.128 seconds (process running for 5605.441)
2025-08-10T00:08:27.922-06:00  INFO 17296 --- [springboot-demo] [restartedMain] com.codqueto.components.Thanos           : Thanos is using the gauntlet to perform snap in Macedonia, the former Yugoslav Republic of
2025-08-10T00:08:27.922-06:00  INFO 17296 --- [springboot-demo] [restartedMain] c.codqueto.services.GauntletServiceImpl  : using all power
2025-08-10T00:08:27.923-06:00  INFO 17296 --- [springboot-demo] [restartedMain] com.codqueto.components.Thanos           : Thaanos has made 7 danger points
2025-08-10T00:08:27.923-06:00  INFO 17296 --- [springboot-demo] [restartedMain] .ConditionEvaluationDeltaLoggingListener : Condition evaluation unchanged
2025-08-10T00:08:29.737-06:00  INFO 17296 --- [springboot-demo] [File Watcher] rtingClassPathChangeChangedEventListener : Restarting due to 1 class path change (0 additions, 0 deletions, 1 modification)
2025-08-10T00:08:29.738-06:00  INFO 17296 --- [springboot-demo] [Thread-99] o.s.b.w.e.tomcat.GracefulShutdown        : Commencing graceful shutdown. Waiting for active requests to complete
2025-08-10T00:08:31.749-06:00  INFO 17296 --- [springboot-demo] [tomcat-shutdown] o.s.b.w.e.tomcat.GracefulShutdown        : Graceful shutdown complete
2025-08-10T00:08:31.749-06:00 ERROR 17296 --- [springboot-demo] [http-nio-9090-Acceptor] org.apache.tomcat.util.net.Acceptor      : Socket accept failed

java.nio.channels.AsynchronousCloseException: null
	at java.base/java.nio.channels.spi.AbstractInterruptibleChannel.end(AbstractInterruptibleChannel.java:218) ~[na:na]
	at java.base/sun.nio.ch.ServerSocketChannelImpl.end(ServerSocketChannelImpl.java:374) ~[na:na]
	at java.base/sun.nio.ch.ServerSocketChannelImpl.accept(ServerSocketChannelImpl.java:399) ~[na:na]
	at org.apache.tomcat.util.net.NioEndpoint.serverSocketAccept(NioEndpoint.java:537) ~[tomcat-embed-core-10.1.43.jar:10.1.43]
	at org.apache.tomcat.util.net.NioEndpoint.serverSocketAccept(NioEndpoint.java:72) ~[tomcat-embed-core-10.1.43.jar:10.1.43]
	at org.apache.tomcat.util.net.Acceptor.run(Acceptor.java:127) ~[tomcat-embed-core-10.1.43.jar:10.1.43]
	at java.base/java.lang.Thread.run(Thread.java:1447) ~[na:na]

2025-08-10T00:08:31.810-06:00  INFO 17296 --- [springboot-demo] [restartedMain] com.codqueto.SpringbootDemoApplication   : Starting SpringbootDemoApplication using Java 24.0.1 with PID 17296 (/Users/hiram/Documents/learning/java/springboot-demo/target/classes started by hiram in /Users/hiram/Documents/learning/java/springboot-demo)
2025-08-10T00:08:31.810-06:00  INFO 17296 --- [springboot-demo] [restartedMain] com.codqueto.SpringbootDemoApplication   : No active profile set, falling back to 1 default profile: "default"
2025-08-10T00:08:31.866-06:00  INFO 17296 --- [springboot-demo] [restartedMain] o.s.b.w.embedded.tomcat.TomcatWebServer  : Tomcat initialized with port 9090 (http)
2025-08-10T00:08:31.867-06:00  INFO 17296 --- [springboot-demo] [restartedMain] o.apache.catalina.core.StandardService   : Starting service [Tomcat]
2025-08-10T00:08:31.867-06:00  INFO 17296 --- [springboot-demo] [restartedMain] o.apache.catalina.core.StandardEngine    : Starting Servlet engine: [Apache Tomcat/10.1.43]
2025-08-10T00:08:31.869-06:00  INFO 17296 --- [springboot-demo] [restartedMain] o.a.c.c.C.[.[localhost].[/stones]        : Initializing Spring embedded WebApplicationContext
2025-08-10T00:08:31.869-06:00  INFO 17296 --- [springboot-demo] [restartedMain] w.s.c.ServletWebServerApplicationContext : Root WebApplicationContext: initialization completed in 58 ms
2025-08-10T00:08:31.878-06:00  INFO 17296 --- [springboot-demo] [restartedMain] com.codqueto.configs.StonesConfigs       : Loading subtitles: default.xyz profile: default
2025-08-10T00:08:31.898-06:00  INFO 17296 --- [springboot-demo] [restartedMain] o.s.b.d.a.OptionalLiveReloadServer       : LiveReload server is running on port 35729
2025-08-10T00:08:31.902-06:00  INFO 17296 --- [springboot-demo] [restartedMain] o.s.b.w.embedded.tomcat.TomcatWebServer  : Tomcat started on port 9090 (http) with context path '/stones'
2025-08-10T00:08:31.903-06:00  INFO 17296 --- [springboot-demo] [restartedMain] com.codqueto.SpringbootDemoApplication   : Started SpringbootDemoApplication in 0.104 seconds (process running for 5609.426)
2025-08-10T00:08:31.906-06:00  INFO 17296 --- [springboot-demo] [restartedMain] com.codqueto.components.Thanos           : Thanos is using the gauntlet to perform snap in Equatorial Guinea
2025-08-10T00:08:31.906-06:00  INFO 17296 --- [springboot-demo] [restartedMain] c.codqueto.services.GauntletServiceImpl  : using all power
2025-08-10T00:08:31.906-06:00  INFO 17296 --- [springboot-demo] [restartedMain] com.codqueto.components.Thanos           : Thaanos has made 790 danger points
2025-08-10T00:08:31.906-06:00  INFO 17296 --- [springboot-demo] [restartedMain] .ConditionEvaluationDeltaLoggingListener : Condition evaluation unchanged
2025-08-10T00:08:58.976-06:00  INFO 17296 --- [springboot-demo] [File Watcher] rtingClassPathChangeChangedEventListener : Restarting due to 1 class path change (0 additions, 0 deletions, 1 modification)
2025-08-10T00:08:58.980-06:00  INFO 17296 --- [springboot-demo] [Thread-103] o.s.b.w.e.tomcat.GracefulShutdown        : Commencing graceful shutdown. Waiting for active requests to complete
2025-08-10T00:09:00.993-06:00  INFO 17296 --- [springboot-demo] [tomcat-shutdown] o.s.b.w.e.tomcat.GracefulShutdown        : Graceful shutdown complete
2025-08-10T00:09:00.993-06:00 ERROR 17296 --- [springboot-demo] [http-nio-9090-Acceptor] org.apache.tomcat.util.net.Acceptor      : Socket accept failed

java.nio.channels.AsynchronousCloseException: null
	at java.base/java.nio.channels.spi.AbstractInterruptibleChannel.end(AbstractInterruptibleChannel.java:218) ~[na:na]
	at java.base/sun.nio.ch.ServerSocketChannelImpl.end(ServerSocketChannelImpl.java:374) ~[na:na]
	at java.base/sun.nio.ch.ServerSocketChannelImpl.accept(ServerSocketChannelImpl.java:399) ~[na:na]
	at org.apache.tomcat.util.net.NioEndpoint.serverSocketAccept(NioEndpoint.java:537) ~[tomcat-embed-core-10.1.43.jar:10.1.43]
	at org.apache.tomcat.util.net.NioEndpoint.serverSocketAccept(NioEndpoint.java:72) ~[tomcat-embed-core-10.1.43.jar:10.1.43]
	at org.apache.tomcat.util.net.Acceptor.run(Acceptor.java:127) ~[tomcat-embed-core-10.1.43.jar:10.1.43]
	at java.base/java.lang.Thread.run(Thread.java:1447) ~[na:na]

2025-08-10T00:09:01.046-06:00  INFO 17296 --- [springboot-demo] [restartedMain] com.codqueto.SpringbootDemoApplication   : Starting SpringbootDemoApplication using Java 24.0.1 with PID 17296 (/Users/hiram/Documents/learning/java/springboot-demo/target/classes started by hiram in /Users/hiram/Documents/learning/java/springboot-demo)
2025-08-10T00:09:01.046-06:00  INFO 17296 --- [springboot-demo] [restartedMain] com.codqueto.SpringbootDemoApplication   : No active profile set, falling back to 1 default profile: "default"
2025-08-10T00:09:01.140-06:00  INFO 17296 --- [springboot-demo] [restartedMain] o.s.b.w.embedded.tomcat.TomcatWebServer  : Tomcat initialized with port 9090 (http)
2025-08-10T00:09:01.140-06:00  INFO 17296 --- [springboot-demo] [restartedMain] o.apache.catalina.core.StandardService   : Starting service [Tomcat]
2025-08-10T00:09:01.140-06:00  INFO 17296 --- [springboot-demo] [restartedMain] o.apache.catalina.core.StandardEngine    : Starting Servlet engine: [Apache Tomcat/10.1.43]
2025-08-10T00:09:01.144-06:00  INFO 17296 --- [springboot-demo] [restartedMain] o.a.c.c.C.[.[localhost].[/stones]        : Initializing Spring embedded WebApplicationContext
2025-08-10T00:09:01.144-06:00  INFO 17296 --- [springboot-demo] [restartedMain] w.s.c.ServletWebServerApplicationContext : Root WebApplicationContext: initialization completed in 97 ms
2025-08-10T00:09:01.152-06:00  INFO 17296 --- [springboot-demo] [restartedMain] com.codqueto.configs.StonesConfigs       : Loading subtitles: default.xyz profile: default
2025-08-10T00:09:01.178-06:00  INFO 17296 --- [springboot-demo] [restartedMain] o.s.b.d.a.OptionalLiveReloadServer       : LiveReload server is running on port 35729
2025-08-10T00:09:01.183-06:00  INFO 17296 --- [springboot-demo] [restartedMain] o.s.b.w.embedded.tomcat.TomcatWebServer  : Tomcat started on port 9090 (http) with context path '/stones'
2025-08-10T00:09:01.184-06:00  INFO 17296 --- [springboot-demo] [restartedMain] com.codqueto.SpringbootDemoApplication   : Started SpringbootDemoApplication in 0.147 seconds (process running for 5638.708)
2025-08-10T00:09:01.187-06:00  INFO 17296 --- [springboot-demo] [restartedMain] com.codqueto.components.Thanos           : Thanos is using the gauntlet to perform snap in Estonia
2025-08-10T00:09:01.188-06:00  INFO 17296 --- [springboot-demo] [restartedMain] c.codqueto.services.GauntletServiceImpl  : using all power
2025-08-10T00:09:01.188-06:00  INFO 17296 --- [springboot-demo] [restartedMain] com.codqueto.components.Thanos           : Thaanos has made 796 danger points
2025-08-10T00:09:01.188-06:00  INFO 17296 --- [springboot-demo] [restartedMain] .ConditionEvaluationDeltaLoggingListener : Condition evaluation unchanged
2025-08-10T00:11:52.490-06:00  INFO 17296 --- [springboot-demo] [SpringApplicationShutdownHook] o.s.b.w.e.tomcat.GracefulShutdown        : Commencing graceful shutdown. Waiting for active requests to complete
2025-08-10T00:11:54.498-06:00  INFO 17296 --- [springboot-demo] [tomcat-shutdown] o.s.b.w.e.tomcat.GracefulShutdown        : Graceful shutdown complete
2025-08-10T00:11:56.642-06:00  INFO 20061 --- [springboot-demo] [restartedMain] com.codqueto.SpringbootDemoApplication   : Starting SpringbootDemoApplication using Java 24.0.1 with PID 20061 (/Users/hiram/Documents/learning/java/springboot-demo/target/classes started by hiram in /Users/hiram/Documents/learning/java/springboot-demo)
2025-08-10T00:11:56.643-06:00  INFO 20061 --- [springboot-demo] [restartedMain] com.codqueto.SpringbootDemoApplication   : No active profile set, falling back to 1 default profile: "default"
2025-08-10T00:11:56.665-06:00  INFO 20061 --- [springboot-demo] [restartedMain] .e.DevToolsPropertyDefaultsPostProcessor : Devtools property defaults active! Set 'spring.devtools.add-properties' to 'false' to disable
2025-08-10T00:11:56.665-06:00  INFO 20061 --- [springboot-demo] [restartedMain] .e.DevToolsPropertyDefaultsPostProcessor : For additional web related logging consider setting the 'logging.level.web' property to 'DEBUG'
2025-08-10T00:11:57.059-06:00  INFO 20061 --- [springboot-demo] [restartedMain] o.s.b.w.embedded.tomcat.TomcatWebServer  : Tomcat initialized with port 9090 (http)
2025-08-10T00:11:57.067-06:00  INFO 20061 --- [springboot-demo] [restartedMain] o.apache.catalina.core.StandardService   : Starting service [Tomcat]
2025-08-10T00:11:57.068-06:00  INFO 20061 --- [springboot-demo] [restartedMain] o.apache.catalina.core.StandardEngine    : Starting Servlet engine: [Apache Tomcat/10.1.43]
2025-08-10T00:11:57.083-06:00  INFO 20061 --- [springboot-demo] [restartedMain] o.a.c.c.C.[.[localhost].[/stones]        : Initializing Spring embedded WebApplicationContext
2025-08-10T00:11:57.083-06:00  INFO 20061 --- [springboot-demo] [restartedMain] w.s.c.ServletWebServerApplicationContext : Root WebApplicationContext: initialization completed in 418 ms
2025-08-10T00:11:57.121-06:00  INFO 20061 --- [springboot-demo] [restartedMain] com.codqueto.configs.StonesConfigs       : Loading subtitles: default.xyz profile: default
2025-08-10T00:11:57.124-06:00  INFO 20061 --- [springboot-demo] [restartedMain] com.codqueto.components.Thanos           : initializating thanosModel: ThanosModel(planet=Titan, galaxy=Andromeda, defaultDestructionlevel=null)
2025-08-10T00:11:57.256-06:00  INFO 20061 --- [springboot-demo] [restartedMain] o.s.b.d.a.OptionalLiveReloadServer       : LiveReload server is running on port 35729
2025-08-10T00:11:57.277-06:00  INFO 20061 --- [springboot-demo] [restartedMain] o.s.b.w.embedded.tomcat.TomcatWebServer  : Tomcat started on port 9090 (http) with context path '/stones'
2025-08-10T00:11:57.283-06:00  INFO 20061 --- [springboot-demo] [restartedMain] com.codqueto.SpringbootDemoApplication   : Started SpringbootDemoApplication in 0.85 seconds (process running for 1.225)
2025-08-10T00:11:57.319-06:00  INFO 20061 --- [springboot-demo] [restartedMain] com.codqueto.components.Thanos           : Thanos is using the gauntlet to perform snap in Brunei Darussalam
2025-08-10T00:11:57.319-06:00  INFO 20061 --- [springboot-demo] [restartedMain] c.codqueto.services.GauntletServiceImpl  : using all power
2025-08-10T00:11:57.319-06:00  INFO 20061 --- [springboot-demo] [restartedMain] com.codqueto.components.Thanos           : Thaanos has made 510 danger points
2025-08-10T00:12:17.413-06:00  INFO 20061 --- [springboot-demo] [SpringApplicationShutdownHook] o.s.b.w.e.tomcat.GracefulShutdown        : Commencing graceful shutdown. Waiting for active requests to complete
2025-08-10T00:12:19.426-06:00  INFO 20061 --- [springboot-demo] [tomcat-shutdown] o.s.b.w.e.tomcat.GracefulShutdown        : Graceful shutdown complete
2025-08-10T00:12:21.040-06:00  INFO 20088 --- [springboot-demo] [restartedMain] com.codqueto.SpringbootDemoApplication   : Starting SpringbootDemoApplication using Java 24.0.1 with PID 20088 (/Users/hiram/Documents/learning/java/springboot-demo/target/classes started by hiram in /Users/hiram/Documents/learning/java/springboot-demo)
2025-08-10T00:12:21.040-06:00  INFO 20088 --- [springboot-demo] [restartedMain] com.codqueto.SpringbootDemoApplication   : No active profile set, falling back to 1 default profile: "default"
2025-08-10T00:12:21.065-06:00  INFO 20088 --- [springboot-demo] [restartedMain] .e.DevToolsPropertyDefaultsPostProcessor : Devtools property defaults active! Set 'spring.devtools.add-properties' to 'false' to disable
2025-08-10T00:12:21.065-06:00  INFO 20088 --- [springboot-demo] [restartedMain] .e.DevToolsPropertyDefaultsPostProcessor : For additional web related logging consider setting the 'logging.level.web' property to 'DEBUG'
2025-08-10T00:12:21.434-06:00  INFO 20088 --- [springboot-demo] [restartedMain] o.s.b.w.embedded.tomcat.TomcatWebServer  : Tomcat initialized with port 9090 (http)
2025-08-10T00:12:21.441-06:00  INFO 20088 --- [springboot-demo] [restartedMain] o.apache.catalina.core.StandardService   : Starting service [Tomcat]
2025-08-10T00:12:21.442-06:00  INFO 20088 --- [springboot-demo] [restartedMain] o.apache.catalina.core.StandardEngine    : Starting Servlet engine: [Apache Tomcat/10.1.43]
2025-08-10T00:12:21.455-06:00  INFO 20088 --- [springboot-demo] [restartedMain] o.a.c.c.C.[.[localhost].[/stones]        : Initializing Spring embedded WebApplicationContext
2025-08-10T00:12:21.456-06:00  INFO 20088 --- [springboot-demo] [restartedMain] w.s.c.ServletWebServerApplicationContext : Root WebApplicationContext: initialization completed in 390 ms
2025-08-10T00:12:21.493-06:00  INFO 20088 --- [springboot-demo] [restartedMain] com.codqueto.configs.StonesConfigs       : Loading subtitles: default.xyz profile: default
2025-08-10T00:12:21.496-06:00  INFO 20088 --- [springboot-demo] [restartedMain] com.codqueto.components.Thanos           : initializating thanosModel: ThanosModel(planet=Titan, galaxy=tuxtla, defaultDestructionlevel=null)
2025-08-10T00:12:21.606-06:00  INFO 20088 --- [springboot-demo] [restartedMain] o.s.b.d.a.OptionalLiveReloadServer       : LiveReload server is running on port 35729
2025-08-10T00:12:21.624-06:00  INFO 20088 --- [springboot-demo] [restartedMain] o.s.b.w.embedded.tomcat.TomcatWebServer  : Tomcat started on port 9090 (http) with context path '/stones'
2025-08-10T00:12:21.630-06:00  INFO 20088 --- [springboot-demo] [restartedMain] com.codqueto.SpringbootDemoApplication   : Started SpringbootDemoApplication in 0.887 seconds (process running for 1.264)
2025-08-10T00:12:21.660-06:00  INFO 20088 --- [springboot-demo] [restartedMain] com.codqueto.components.Thanos           : Thanos is using the gauntlet to perform snap in Thailand
2025-08-10T00:12:21.660-06:00  INFO 20088 --- [springboot-demo] [restartedMain] c.codqueto.services.GauntletServiceImpl  : using all power
2025-08-10T00:12:21.660-06:00  INFO 20088 --- [springboot-demo] [restartedMain] com.codqueto.components.Thanos           : Thaanos has made 697 danger points
